<?xml version="1.0" encoding="UTF-8"?>
<!-- Generated by org.testng.reporters.JUnitReportReporter -->
<testsuite skipped="0" hostname="HOME-PC" name="Firstpagetest.ATHomePageTest" tests="3" failures="0" timestamp="27 May 2018 03:42:21 GMT" time="4.873" errors="0">
  <testcase name="clickwebelenemtitems" time="4.601" classname="Firstpagetest.ATHomePageTest"/>
  <testcase name="verifyContainerDetails" time="0.270" classname="Firstpagetest.ATHomePageTest"/>
  <testcase name="emailvalidation" time="0.002" classname="Firstpagetest.ATHomePageTest"/>
</testsuite> <!-- Firstpagetest.ATHomePageTest -->
